Runtime [ms] 25
Runtime [ms] 25
Runtime [ms] 27
Runtime [ms] 27
Runtime [ms] 27
Runtime [ms] 25
Runtime [ms] 26
Runtime [ms] 27
Runtime [ms] 27
Runtime [ms] 27
Runtime [ms] 27
Runtime [ms] 25
Runtime [ms] 27
Runtime [ms] 26
Runtime [ms] 25
Runtime [ms] 26
Runtime [ms] 27
Runtime [ms] 27
Runtime [ms] 26
Runtime [ms] 26
Runtime [ms] 26
Runtime [ms] 25
Runtime [ms] 27
Runtime [ms] 26
Runtime [ms] 26
Runtime [ms] 26
Runtime [ms] 25
Runtime [ms] 25
Runtime [ms] 25
Runtime [ms] 27
Runtime [ms] 26
Runtime [ms] 26
Runtime [ms] 26
Runtime [ms] 27
Runtime [ms] 26
Runtime [ms] 26
Runtime [ms] 27
Runtime [ms] 27
Runtime [ms] 27
Runtime [ms] 25
Runtime [ms] 25
Runtime [ms] 26
Runtime [ms] 26
Runtime [ms] 78
Runtime [ms] 94
Runtime [ms] 100
Runtime [ms] 105
Runtime [ms] 120
Runtime [ms] 25
Runtime [ms] 92
Runtime [ms] 106
Runtime [ms] 125
Runtime [ms] 131
Runtime [ms] 142
Runtime [ms] 26
Runtime [ms] 101
Runtime [ms] 120
Runtime [ms] 134
Runtime [ms] 153
Runtime [ms] 163
Runtime [ms] 26
Runtime [ms] 104
Runtime [ms] 130
Runtime [ms] 153
Runtime [ms] 154
Runtime [ms] 168
Runtime [ms] 27
Runtime [ms] 115
Runtime [ms] 135
Runtime [ms] 149
Runtime [ms] 174
Runtime [ms] 180
Runtime [ms] 26
Runtime [ms] 27
Runtime [ms] 25
Runtime [ms] 26
Runtime [ms] 26
Runtime [ms] 27
Runtime [ms] 27
Runtime [ms] 95
Runtime [ms] 113
Runtime [ms] 119
Runtime [ms] 136
Runtime [ms] 133
Runtime [ms] 26
Runtime [ms] 110
Runtime [ms] 129
Runtime [ms] 145
Runtime [ms] 160
Runtime [ms] 173
Runtime [ms] 25
Runtime [ms] 118
Runtime [ms] 141
Runtime [ms] 156
Runtime [ms] 178
Runtime [ms] 188
Runtime [ms] 26
Runtime [ms] 127
Runtime [ms] 153
Runtime [ms] 182
Runtime [ms] 186
Runtime [ms] 199
Runtime [ms] 27
Runtime [ms] 136
Runtime [ms] 167
Runtime [ms] 194
Runtime [ms] 211
Runtime [ms] 220
Runtime [ms] 27
Runtime [ms] 25
Runtime [ms] 27
Runtime [ms] 25
Runtime [ms] 27
Runtime [ms] 26
Runtime [ms] 27
Runtime [ms] 97
Runtime [ms] 125
Runtime [ms] 131
Runtime [ms] 146
Runtime [ms] 159
Runtime [ms] 26
Runtime [ms] 123
Runtime [ms] 150
Runtime [ms] 164
Runtime [ms] 173
Runtime [ms] 196
Runtime [ms] 25
Runtime [ms] 141
Runtime [ms] 163
Runtime [ms] 181
Runtime [ms] 194
Runtime [ms] 206
Runtime [ms] 26
Runtime [ms] 147
Runtime [ms] 171
Runtime [ms] 196
Runtime [ms] 210
Runtime [ms] 238
Runtime [ms] 25
Runtime [ms] 153
Runtime [ms] 188
Runtime [ms] 218
Runtime [ms] 222
Runtime [ms] 252
Runtime [ms] 27
Runtime [ms] 26
Runtime [ms] 25
Runtime [ms] 25
Runtime [ms] 27
Runtime [ms] 25
Runtime [ms] 26
Runtime [ms] 114
Runtime [ms] 133
Runtime [ms] 152
Runtime [ms] 154
Runtime [ms] 161
Runtime [ms] 25
Runtime [ms] 128
Runtime [ms] 156
Runtime [ms] 169
Runtime [ms] 188
Runtime [ms] 214
Runtime [ms] 26
Runtime [ms] 147
Runtime [ms] 175
Runtime [ms] 208
Runtime [ms] 225
Runtime [ms] 235
Runtime [ms] 25
Runtime [ms] 155
Runtime [ms] 199
Runtime [ms] 222
Runtime [ms] 231
Runtime [ms] 262
Runtime [ms] 25
Runtime [ms] 168
Runtime [ms] 199
Runtime [ms] 240
Runtime [ms] 262
Runtime [ms] 258
Runtime [ms] 26
Runtime [ms] 27
Runtime [ms] 25
Runtime [ms] 26
Runtime [ms] 27
Runtime [ms] 26
Runtime [ms] 26
Runtime [ms] 114
Runtime [ms] 145
Runtime [ms] 159
Runtime [ms] 164
Runtime [ms] 175
Runtime [ms] 26
Runtime [ms] 137
Runtime [ms] 169
Runtime [ms] 188
Runtime [ms] 205
Runtime [ms] 230
Runtime [ms] 27
Runtime [ms] 154
Runtime [ms] 194
Runtime [ms] 214
Runtime [ms] 227
Runtime [ms] 241
Runtime [ms] 25
Runtime [ms] 165
Runtime [ms] 215
Runtime [ms] 232
Runtime [ms] 243
Runtime [ms] 264
Runtime [ms] 25
Runtime [ms] 178
Runtime [ms] 220
Runtime [ms] 242
Runtime [ms] 268
Runtime [ms] 299
Training model for task sleep_geometric_mean_123

Model id: 1

Model information: {
    "features": "[\"inputs\"]",
    "model_name": "sleep_geometric_mean_123_inputs_runtime",
    "path": "models/1.pkl",
    "score": 0.9903081003964503,
    "target": "runtime",
    "task_name": "sleep_geometric_mean_123"
}
Runtime [ms] 54 Predicted [ms] 76.98361206054688
Runtime [ms] 73 Predicted [ms] 101.44051361083984
Runtime [ms] 83 Predicted [ms] 114.79576873779297
Runtime [ms] 70 Predicted [ms] 100.4520492553711
Runtime [ms] 106 Predicted [ms] 130.6375732421875
Runtime [ms] 122 Predicted [ms] 160.62933349609375
Runtime [ms] 82 Predicted [ms] 112.05583190917969
Runtime [ms] 122 Predicted [ms] 153.95909118652344
Runtime [ms] 136 Predicted [ms] 182.55349731445312
Runtime [ms] 71 Predicted [ms] 100.87666320800781
Runtime [ms] 107 Predicted [ms] 144.20623779296875
Runtime [ms] 118 Predicted [ms] 158.383056640625
Runtime [ms] 103 Predicted [ms] 143.72052001953125
Runtime [ms] 157 Predicted [ms] 189.21401977539062
Runtime [ms] 180 Predicted [ms] 215.14344787597656
Runtime [ms] 115 Predicted [ms] 158.7032928466797
Runtime [ms] 178 Predicted [ms] 207.7078094482422
Runtime [ms] 230 Predicted [ms] 253.40264892578125
Runtime [ms] 82 Predicted [ms] 103.75472259521484
Runtime [ms] 119 Predicted [ms] 152.97756958007812
Runtime [ms] 135 Predicted [ms] 182.82931518554688
Runtime [ms] 114 Predicted [ms] 151.51063537597656
Runtime [ms] 183 Predicted [ms] 220.9571075439453
Runtime [ms] 213 Predicted [ms] 256.73541259765625
Runtime [ms] 136 Predicted [ms] 167.53326416015625
Runtime [ms] 217 Predicted [ms] 247.7992401123047
Runtime [ms] 264 Predicted [ms] 265.3193054199219
